<?xml version="1.0" encoding="UTF-8"?>
<testng-results ignored="0" total="1" passed="1" failed="0" skipped="0">
  <reporter-output>
  </reporter-output>
  <suite started-at="2021-02-04T13:14:55 CST" name="Suite" finished-at="2021-02-04T13:15:15 CST" duration-ms="19684">
    <groups>
    </groups>
    <test started-at="2021-02-04T13:14:55 CST" name="Test" finished-at="2021-02-04T13:15:15 CST" duration-ms="19684">
      <class name="com.dollardays.testcases.CreateAnAccountTest">
        <test-method is-config="true" signature="beforeClass()[pri:0, instance:com.dollardays.testcases.CreateAnAccountTest@179ece50]" started-at="2021-02-04T13:14:55 CST" name="beforeClass" finished-at="2021-02-04T13:14:55 CST" duration-ms="5" status="PASS">
          <reporter-output>
          </reporter-output>
        </test-method> <!-- beforeClass -->
        <test-method is-config="true" signature="setUpBrowser()[pri:0, instance:com.dollardays.testcases.CreateAnAccountTest@179ece50]" started-at="2021-02-04T13:14:56 CST" name="setUpBrowser" finished-at="2021-02-04T13:15:05 CST" duration-ms="9563" status="PASS">
          <reporter-output>
          </reporter-output>
        </test-method> <!-- setUpBrowser -->
        <test-method signature="accountCreating(java.util.Hashtable)[pri:0, instance:com.dollardays.testcases.CreateAnAccountTest@179ece50]" started-at="2021-02-04T13:15:05 CST" name="accountCreating" data-provider="dd-dataprovider" finished-at="2021-02-04T13:15:14 CST" duration-ms="8840" status="PASS">
          <params>
            <param index="0">
              <value>
                <![CDATA[{TestCase=Invalid  First Name, Email Address=rajitachenna@gmail.com, First Name=!&%$, TCID=TC3, SheetName=Sheet1, Runmode=Yes, Phone=222-333-4444, Password=rajita, Confirm Password=rajita, Last Name=Chenna}]]>
              </value>
            </param>
          </params>
          <reporter-output>
          </reporter-output>
        </test-method> <!-- accountCreating -->
        <test-method is-config="true" signature="quit()[pri:0, instance:com.dollardays.testcases.CreateAnAccountTest@179ece50]" started-at="2021-02-04T13:15:14 CST" name="quit" finished-at="2021-02-04T13:15:15 CST" duration-ms="943" status="PASS">
          <reporter-output>
          </reporter-output>
        </test-method> <!-- quit -->
        <test-method is-config="true" signature="afterClass()[pri:0, instance:com.dollardays.testcases.CreateAnAccountTest@179ece50]" started-at="2021-02-04T13:15:15 CST" name="afterClass" finished-at="2021-02-04T13:15:15 CST" duration-ms="0" status="PASS">
          <reporter-output>
          </reporter-output>
        </test-method> <!-- afterClass -->
      </class> <!-- com.dollardays.testcases.CreateAnAccountTest -->
    </test> <!-- Test -->
  </suite> <!-- Suite -->
</testng-results>
